<?xml version="1.0" encoding="UTF-8"?>
<!-- Generated by org.testng.reporters.JUnitReportReporter -->
<testsuite skipped="0" hostname="DESKTOP-B84CNJ3" name="testCases.Assignment1" tests="1" failures="0" timestamp="28 Aug 2019 11:28:33 GMT" time="22.191" errors="0">
  <testcase name="postMessageOnFacebook" time="22.191" classname="testCases.Assignment1"/>
</testsuite> <!-- testCases.Assignment1 -->
