<?xml version="1.0" encoding="UTF-8"?>
<!-- Generated by org.testng.reporters.JUnitReportReporter -->
<testsuite skipped="0" hostname="DESKTOP-B84CNJ3" name="testCases.FirstTestCase" tests="1" failures="0" timestamp="26 Aug 2019 10:48:39 GMT" time="18.274" errors="0">
  <testcase name="runFirstTestCase" time="18.274" classname="testCases.FirstTestCase"/>
</testsuite> <!-- testCases.FirstTestCase -->
