<?xml version="1.0" encoding="UTF-8"?>
<!-- Generated by org.testng.reporters.JUnitReportReporter -->
<testsuite skipped="0" hostname="DESKTOP-B84CNJ3" name="testCases.Assignment3" tests="1" failures="0" timestamp="31 Jan 2020 14:35:27 GMT" time="22.213" errors="0">
  <testcase name="postMessageOnFacebook" time="22.213" classname="testCases.Assignment3"/>
</testsuite> <!-- testCases.Assignment3 -->
