<?xml version="1.0" encoding="UTF-8"?>
<!-- Generated by org.testng.reporters.JUnitReportReporter -->
<testsuite skipped="0" hostname="DESKTOP-B84CNJ3" name="testCases.Assignment2" tests="1" failures="0" timestamp="28 Aug 2019 11:25:41 GMT" time="26.158" errors="0">
  <testcase name="writeReviewOnWalletHub" time="26.158" classname="testCases.Assignment2"/>
</testsuite> <!-- testCases.Assignment2 -->
