<?xml version="1.0" encoding="UTF-8"?>
<!-- Generated by org.testng.reporters.JUnitReportReporter -->
<testsuite skipped="0" hostname="DESKTOP-B84CNJ3" name="testCases.PostMessage" tests="1" failures="0" timestamp="26 Aug 2019 11:59:00 GMT" time="24.656" errors="0">
  <testcase name="runFirstTestCase" time="24.656" classname="testCases.PostMessage"/>
</testsuite> <!-- testCases.PostMessage -->
